%!Adobe-FontList 1.14
%Locale:0x403

%BeginFont
Handler:DirectoryHandler
FontType:Invalid
OutlineFileName:C:\Users\Alfons D. Gento\Desktop\La casella\Cuartilla\Document fonts\.DS_Store
FileModTime:1523454903
%EndFont

%BeginFont
Handler:DirectoryHandler
FontType:TrueType
FontName:Calibri-Bold
FamilyName:Calibri
StyleName:Bold
FullName:Calibri Bold
MenuName:Calibri
StyleBits:2
WritingScript:Roman
OutlineFileName:C:\Users\Alfons D. Gento\Desktop\La casella\Cuartilla\Document fonts\Calibri Bold.ttf
DataFormat:sfntData
FileLength:817552
FileModTime:1278397112
WeightClass:700
WidthClass:5
AngleClass:0
%EndFont

%BeginFont
Handler:DirectoryHandler
FontType:TrueType
FontName:Calibri
FamilyName:Calibri
StyleName:Regular
FullName:Calibri
MenuName:Calibri
StyleBits:0
WritingScript:Roman
OutlineFileName:C:\Users\Alfons D. Gento\Desktop\La casella\Cuartilla\Document fonts\Calibri.ttf
DataFormat:sfntData
FileLength:780064
FileModTime:1278397112
WeightClass:400
WidthClass:5
AngleClass:0
%EndFont

%BeginFont
Handler:DirectoryHandler
FontType:TrueType
FontName:TheGreatEscape
FamilyName:The Great Escape
StyleName:Regular
FullName:The Great Escape
MenuName:The Great Escape
StyleBits:0
WritingScript:Roman
OutlineFileName:C:\Users\Alfons D. Gento\Desktop\La casella\Cuartilla\Document fonts\TheGreatEscape.ttf
DataFormat:sfntData
FileLength:35072
FileModTime:1335205272
WeightClass:400
WidthClass:5
AngleClass:0
%EndFont

%BeginFont
Handler:DirectoryHandler
FontType:TrueType
FontName:TheGreatEscape-Bold
FamilyName:The Great Escape
StyleName:Bold
FullName:The Great Escape Bold
MenuName:The Great Escape
StyleBits:2
WritingScript:Roman
OutlineFileName:C:\Users\Alfons D. Gento\Desktop\La casella\Cuartilla\Document fonts\TheGreatEscapeBold.ttf
DataFormat:sfntData
FileLength:41656
FileModTime:1335205202
WeightClass:700
WidthClass:5
AngleClass:0
%EndFont

